

Started GET "/" for 127.0.0.1 at 2017-06-20 13:35:46 -0700

ActiveRecord::PendingMigrationError (

Migrations are pending. To resolve this issue, run:

	bin/rake db:migrate RAILS_ENV=development

):
  activerecord (4.1.6) lib/active_record/migration.rb:389:in `check_pending!'
  activerecord (4.1.6) lib/active_record/migration.rb:377:in `call'
  actionpack (4.1.6) lib/action_dispatch/middleware/callbacks.rb:29:in `block in call'
  activesupport (4.1.6) lib/active_support/callbacks.rb:82:in `run_callbacks'
  actionpack (4.1.6) lib/action_dispatch/middleware/callbacks.rb:27:in `call'
  actionpack (4.1.6) lib/action_dispatch/middleware/reloader.rb:73:in `call'
  actionpack (4.1.6) lib/action_dispatch/middleware/remote_ip.rb:76:in `call'
  actionpack (4.1.6) lib/action_dispatch/middleware/debug_exceptions.rb:17:in `call'
  actionpack (4.1.6) lib/action_dispatch/middleware/show_exceptions.rb:30:in `call'
  railties (4.1.6) lib/rails/rack/logger.rb:38:in `call_app'
  railties (4.1.6) lib/rails/rack/logger.rb:20:in `block in call'
  activesupport (4.1.6) lib/active_support/tagged_logging.rb:68:in `block in tagged'
  activesupport (4.1.6) lib/active_support/tagged_logging.rb:26:in `tagged'
  activesupport (4.1.6) lib/active_support/tagged_logging.rb:68:in `tagged'
  railties (4.1.6) lib/rails/rack/logger.rb:20:in `call'
  actionpack (4.1.6) lib/action_dispatch/middleware/request_id.rb:21:in `call'
  rack (1.5.2) lib/rack/methodoverride.rb:21:in `call'
  rack (1.5.2) lib/rack/runtime.rb:17:in `call'
  activesupport (4.1.6) lib/active_support/cache/strategy/local_cache_middleware.rb:26:in `call'
  rack (1.5.2) lib/rack/lock.rb:17:in `call'
  actionpack (4.1.6) lib/action_dispatch/middleware/static.rb:64:in `call'
  rack (1.5.2) lib/rack/sendfile.rb:112:in `call'
  railties (4.1.6) lib/rails/engine.rb:514:in `call'
  railties (4.1.6) lib/rails/application.rb:144:in `call'
  rack (1.5.2) lib/rack/lock.rb:17:in `call'
  rack (1.5.2) lib/rack/content_length.rb:14:in `call'
  rack (1.5.2) lib/rack/handler/webrick.rb:60:in `service'
  /Users/rmanusani/.rvm/rubies/ruby-2.2.3/lib/ruby/2.2.0/webrick/httpserver.rb:138:in `service'
  /Users/rmanusani/.rvm/rubies/ruby-2.2.3/lib/ruby/2.2.0/webrick/httpserver.rb:94:in `run'
  /Users/rmanusani/.rvm/rubies/ruby-2.2.3/lib/ruby/2.2.0/webrick/server.rb:294:in `block in start_thread'


  Rendered /Users/rmanusani/.rvm/gems/ruby-2.2.3/gems/actionpack-4.1.6/lib/action_dispatch/middleware/templates/rescues/_source.erb (0.9ms)
  Rendered /Users/rmanusani/.rvm/gems/ruby-2.2.3/gems/actionpack-4.1.6/lib/action_dispatch/middleware/templates/rescues/_trace.html.erb (2.8ms)
  Rendered /Users/rmanusani/.rvm/gems/ruby-2.2.3/gems/actionpack-4.1.6/lib/action_dispatch/middleware/templates/rescues/_request_and_response.html.erb (0.9ms)
  Rendered /Users/rmanusani/.rvm/gems/ruby-2.2.3/gems/actionpack-4.1.6/lib/action_dispatch/middleware/templates/rescues/diagnostics.erb within rescues/layout (78.8ms)
  [1m[36m (9.7ms)[0m  [1mCREATE TABLE "schema_migrations" ("version" varchar(255) NOT NULL) [0m
  [1m[35m (0.8ms)[0m  select sqlite_version(*)
  [1m[36m (1.5ms)[0m  [1mCREATE UNIQUE INDEX "unique_schema_migrations" ON "schema_migrations" ("version")[0m
  [1m[35mActiveRecord::SchemaMigration Load (0.2ms)[0m  SELECT "schema_migrations".* FROM "schema_migrations"
Migrating to CreateProducts (20140927185643)
  [1m[36m (0.1ms)[0m  [1mbegin transaction[0m
  [1m[35m (0.6ms)[0m  CREATE TABLE "products" ("id" INTEGER PRIMARY KEY AUTOINCREMENT NOT NULL, "name" varchar(255), "price" decimal(12,3), "active" boolean, "created_at" datetime, "updated_at" datetime) 
  [1m[36mSQL (0.2ms)[0m  [1mINSERT INTO "schema_migrations" ("version") VALUES (?)[0m  [["version", "20140927185643"]]
  [1m[35m (1.3ms)[0m  commit transaction
Migrating to CreateOrderStatuses (20140927190032)
  [1m[36m (0.1ms)[0m  [1mbegin transaction[0m
  [1m[35m (0.4ms)[0m  CREATE TABLE "order_statuses" ("id" INTEGER PRIMARY KEY AUTOINCREMENT NOT NULL, "name" varchar(255), "created_at" datetime, "updated_at" datetime) 
  [1m[36mSQL (0.1ms)[0m  [1mINSERT INTO "schema_migrations" ("version") VALUES (?)[0m  [["version", "20140927190032"]]
  [1m[35m (1.0ms)[0m  commit transaction
Migrating to CreateOrders (20140927190042)
  [1m[36m (0.1ms)[0m  [1mbegin transaction[0m
  [1m[35m (0.4ms)[0m  CREATE TABLE "orders" ("id" INTEGER PRIMARY KEY AUTOINCREMENT NOT NULL, "subtotal" decimal(12,3), "tax" decimal(12,3), "shipping" decimal(12,3), "total" decimal(12,3), "order_status_id" integer, "created_at" datetime, "updated_at" datetime) 
  [1m[36m (0.1ms)[0m  [1mCREATE  INDEX "index_orders_on_order_status_id" ON "orders" ("order_status_id")[0m
  [1m[35mSQL (0.1ms)[0m  INSERT INTO "schema_migrations" ("version") VALUES (?)  [["version", "20140927190042"]]
  [1m[36m (1.1ms)[0m  [1mcommit transaction[0m
Migrating to CreateOrderItems (20140927192104)
  [1m[35m (0.2ms)[0m  begin transaction
  [1m[36m (0.4ms)[0m  [1mCREATE TABLE "order_items" ("id" INTEGER PRIMARY KEY AUTOINCREMENT NOT NULL, "product_id" integer, "order_id" integer, "unit_price" decimal(12,3), "quantity" integer, "total_price" decimal(12,3), "created_at" datetime, "updated_at" datetime) [0m
  [1m[35m (0.1ms)[0m  CREATE  INDEX "index_order_items_on_product_id" ON "order_items" ("product_id")
  [1m[36m (0.1ms)[0m  [1m            SELECT sql
            FROM sqlite_master
            WHERE name='index_order_items_on_product_id' AND type='index'
            UNION ALL
            SELECT sql
            FROM sqlite_temp_master
            WHERE name='index_order_items_on_product_id' AND type='index'
[0m
  [1m[35m (0.1ms)[0m  CREATE  INDEX "index_order_items_on_order_id" ON "order_items" ("order_id")
  [1m[36mSQL (0.1ms)[0m  [1mINSERT INTO "schema_migrations" ("version") VALUES (?)[0m  [["version", "20140927192104"]]
  [1m[35m (1.1ms)[0m  commit transaction
  [1m[36mActiveRecord::SchemaMigration Load (0.2ms)[0m  [1mSELECT "schema_migrations".* FROM "schema_migrations"[0m
  [1m[35m (0.1ms)[0m              SELECT sql
            FROM sqlite_master
            WHERE name='index_order_items_on_order_id' AND type='index'
            UNION ALL
            SELECT sql
            FROM sqlite_temp_master
            WHERE name='index_order_items_on_order_id' AND type='index'

  [1m[36m (0.1ms)[0m  [1m            SELECT sql
            FROM sqlite_master
            WHERE name='index_order_items_on_product_id' AND type='index'
            UNION ALL
            SELECT sql
            FROM sqlite_temp_master
            WHERE name='index_order_items_on_product_id' AND type='index'
[0m
  [1m[35m (0.2ms)[0m              SELECT sql
            FROM sqlite_master
            WHERE name='index_orders_on_order_status_id' AND type='index'
            UNION ALL
            SELECT sql
            FROM sqlite_temp_master
            WHERE name='index_orders_on_order_status_id' AND type='index'



Started GET "/" for 127.0.0.1 at 2017-06-20 13:36:01 -0700
  [1m[36mActiveRecord::SchemaMigration Load (0.1ms)[0m  [1mSELECT "schema_migrations".* FROM "schema_migrations"[0m
Processing by ProductsController#index as HTML
  [1m[35mProduct Load (0.4ms)[0m  SELECT "products".* FROM "products"  WHERE "products"."active" = 't'
  Rendered products/index.html.erb within layouts/application (6.9ms)
  Rendered layouts/_cart_text.html.erb (12.4ms)
Completed 200 OK in 521ms (Views: 468.5ms | ActiveRecord: 1.4ms)


Started GET "/assets/jquery_ujs.js?body=1" for 127.0.0.1 at 2017-06-20 13:36:02 -0700


Started GET "/assets/products.js?body=1" for 127.0.0.1 at 2017-06-20 13:36:02 -0700


Started GET "/assets/application.js?body=1" for 127.0.0.1 at 2017-06-20 13:36:02 -0700


Started GET "/assets/order_items.js?body=1" for 127.0.0.1 at 2017-06-20 13:36:02 -0700


Started GET "/assets/carts.js?body=1" for 127.0.0.1 at 2017-06-20 13:36:02 -0700


Started GET "/assets/carts.css?body=1" for 127.0.0.1 at 2017-06-20 13:36:02 -0700


Started GET "/assets/jquery.js?body=1" for 127.0.0.1 at 2017-06-20 13:36:02 -0700


Started GET "/assets/order_items.css?body=1" for 127.0.0.1 at 2017-06-20 13:36:02 -0700


Started GET "/assets/products.css?body=1" for 127.0.0.1 at 2017-06-20 13:36:02 -0700


Started GET "/assets/application.css?body=1" for 127.0.0.1 at 2017-06-20 13:36:02 -0700


Started GET "/cart" for 127.0.0.1 at 2017-06-20 13:36:06 -0700
Processing by CartsController#show as HTML
  Rendered carts/_shopping_cart.html.erb (1.0ms)
  Rendered carts/show.html.erb within layouts/application (3.3ms)
  Rendered layouts/_cart_text.html.erb (1.4ms)
Completed 200 OK in 65ms (Views: 63.3ms | ActiveRecord: 0.0ms)


Started GET "/assets/jquery.js?body=1" for 127.0.0.1 at 2017-06-20 13:36:06 -0700


Started GET "/assets/jquery_ujs.js?body=1" for 127.0.0.1 at 2017-06-20 13:36:06 -0700


Started GET "/assets/carts.css?body=1" for 127.0.0.1 at 2017-06-20 13:36:07 -0700


Started GET "/assets/order_items.css?body=1" for 127.0.0.1 at 2017-06-20 13:36:07 -0700


Started GET "/assets/products.css?body=1" for 127.0.0.1 at 2017-06-20 13:36:07 -0700


Started GET "/assets/application.css?body=1" for 127.0.0.1 at 2017-06-20 13:36:07 -0700


Started GET "/" for 127.0.0.1 at 2017-06-20 13:36:08 -0700
Processing by ProductsController#index as HTML
  [1m[36mProduct Load (0.2ms)[0m  [1mSELECT "products".* FROM "products"  WHERE "products"."active" = 't'[0m
  Rendered products/index.html.erb within layouts/application (1.0ms)
  Rendered layouts/_cart_text.html.erb (3.0ms)
Completed 200 OK in 60ms (Views: 57.6ms | ActiveRecord: 0.2ms)


Started GET "/assets/jquery.js?body=1" for 127.0.0.1 at 2017-06-20 13:36:08 -0700


Started GET "/assets/jquery_ujs.js?body=1" for 127.0.0.1 at 2017-06-20 13:36:08 -0700


Started GET "/assets/carts.css?body=1" for 127.0.0.1 at 2017-06-20 13:36:08 -0700


Started GET "/assets/order_items.css?body=1" for 127.0.0.1 at 2017-06-20 13:36:08 -0700


Started GET "/assets/products.css?body=1" for 127.0.0.1 at 2017-06-20 13:36:08 -0700


Started GET "/assets/application.css?body=1" for 127.0.0.1 at 2017-06-20 13:36:08 -0700


Started GET "/" for 127.0.0.1 at 2017-06-20 13:36:11 -0700
Processing by ProductsController#index as HTML
  [1m[35mProduct Load (0.1ms)[0m  SELECT "products".* FROM "products"  WHERE "products"."active" = 't'
  Rendered products/index.html.erb within layouts/application (0.6ms)
  Rendered layouts/_cart_text.html.erb (1.4ms)
Completed 200 OK in 69ms (Views: 66.2ms | ActiveRecord: 0.1ms)


Started GET "/assets/jquery.js?body=1" for 127.0.0.1 at 2017-06-20 13:36:11 -0700


Started GET "/assets/jquery_ujs.js?body=1" for 127.0.0.1 at 2017-06-20 13:36:11 -0700


Started GET "/assets/carts.css?body=1" for 127.0.0.1 at 2017-06-20 13:36:11 -0700


Started GET "/assets/order_items.css?body=1" for 127.0.0.1 at 2017-06-20 13:36:11 -0700


Started GET "/assets/application.css?body=1" for 127.0.0.1 at 2017-06-20 13:36:11 -0700


Started GET "/assets/products.css?body=1" for 127.0.0.1 at 2017-06-20 13:36:11 -0700
  [1m[36mActiveRecord::SchemaMigration Load (0.1ms)[0m  [1mSELECT "schema_migrations".* FROM "schema_migrations"[0m
  [1m[35mSQL (0.1ms)[0m  DELETE FROM "products" WHERE "products"."active" = 't'
  [1m[36m (0.1ms)[0m  [1mbegin transaction[0m
  [1m[35mSQL (0.5ms)[0m  INSERT INTO "products" ("active", "created_at", "id", "name", "price", "updated_at") VALUES (?, ?, ?, ?, ?, ?)  [["active", "t"], ["created_at", "2017-06-20 20:36:43.283820"], ["id", 1], ["name", "Banana"], ["price", 0.49], ["updated_at", "2017-06-20 20:36:43.283820"]]
  [1m[36m (9.4ms)[0m  [1mcommit transaction[0m
  [1m[35m (0.2ms)[0m  begin transaction
  [1m[36mSQL (0.4ms)[0m  [1mINSERT INTO "products" ("active", "created_at", "id", "name", "price", "updated_at") VALUES (?, ?, ?, ?, ?, ?)[0m  [["active", "t"], ["created_at", "2017-06-20 20:36:43.296300"], ["id", 2], ["name", "Apple"], ["price", 0.29], ["updated_at", "2017-06-20 20:36:43.296300"]]
  [1m[35m (1.1ms)[0m  commit transaction
  [1m[36m (0.1ms)[0m  [1mbegin transaction[0m
  [1m[35mSQL (0.3ms)[0m  INSERT INTO "products" ("active", "created_at", "id", "name", "price", "updated_at") VALUES (?, ?, ?, ?, ?, ?)  [["active", "t"], ["created_at", "2017-06-20 20:36:43.299758"], ["id", 3], ["name", "Carton of Strawberries"], ["price", 1.99], ["updated_at", "2017-06-20 20:36:43.299758"]]
  [1m[36m (1.0ms)[0m  [1mcommit transaction[0m
  [1m[35mSQL (1.3ms)[0m  DELETE FROM "order_statuses"
  [1m[36m (0.1ms)[0m  [1mbegin transaction[0m
  [1m[35mSQL (0.4ms)[0m  INSERT INTO "order_statuses" ("created_at", "id", "name", "updated_at") VALUES (?, ?, ?, ?)  [["created_at", "2017-06-20 20:36:43.309679"], ["id", 1], ["name", "In Progress"], ["updated_at", "2017-06-20 20:36:43.309679"]]
  [1m[36m (0.9ms)[0m  [1mcommit transaction[0m
  [1m[35m (0.1ms)[0m  begin transaction
  [1m[36mSQL (0.3ms)[0m  [1mINSERT INTO "order_statuses" ("created_at", "id", "name", "updated_at") VALUES (?, ?, ?, ?)[0m  [["created_at", "2017-06-20 20:36:43.312695"], ["id", 2], ["name", "Placed"], ["updated_at", "2017-06-20 20:36:43.312695"]]
  [1m[35m (0.8ms)[0m  commit transaction
  [1m[36m (0.0ms)[0m  [1mbegin transaction[0m
  [1m[35mSQL (0.3ms)[0m  INSERT INTO "order_statuses" ("created_at", "id", "name", "updated_at") VALUES (?, ?, ?, ?)  [["created_at", "2017-06-20 20:36:43.315033"], ["id", 3], ["name", "Shipped"], ["updated_at", "2017-06-20 20:36:43.315033"]]
  [1m[36m (0.7ms)[0m  [1mcommit transaction[0m
  [1m[35m (0.1ms)[0m  begin transaction
  [1m[36mSQL (0.2ms)[0m  [1mINSERT INTO "order_statuses" ("created_at", "id", "name", "updated_at") VALUES (?, ?, ?, ?)[0m  [["created_at", "2017-06-20 20:36:43.317075"], ["id", 4], ["name", "Cancelled"], ["updated_at", "2017-06-20 20:36:43.317075"]]
  [1m[35m (0.8ms)[0m  commit transaction


Started GET "/" for 127.0.0.1 at 2017-06-20 13:36:51 -0700
  [1m[36mActiveRecord::SchemaMigration Load (0.1ms)[0m  [1mSELECT "schema_migrations".* FROM "schema_migrations"[0m
Processing by ProductsController#index as HTML
  [1m[35mProduct Load (0.2ms)[0m  SELECT "products".* FROM "products"  WHERE "products"."active" = 't'
  Rendered products/_product_row.html.erb (19.6ms)
  Rendered products/_product_row.html.erb (1.1ms)
  Rendered products/_product_row.html.erb (1.1ms)
  Rendered products/index.html.erb within layouts/application (39.3ms)
  Rendered layouts/_cart_text.html.erb (1.4ms)
Completed 200 OK in 210ms (Views: 158.5ms | ActiveRecord: 1.3ms)


Started GET "/assets/jquery.js?body=1" for 127.0.0.1 at 2017-06-20 13:36:52 -0700


Started GET "/assets/carts.css?body=1" for 127.0.0.1 at 2017-06-20 13:36:52 -0700


Started GET "/assets/jquery_ujs.js?body=1" for 127.0.0.1 at 2017-06-20 13:36:52 -0700


Started GET "/assets/order_items.css?body=1" for 127.0.0.1 at 2017-06-20 13:36:52 -0700


Started GET "/assets/products.css?body=1" for 127.0.0.1 at 2017-06-20 13:36:52 -0700


Started GET "/assets/application.css?body=1" for 127.0.0.1 at 2017-06-20 13:36:52 -0700


Started POST "/order_items" for 127.0.0.1 at 2017-06-20 13:36:57 -0700
Processing by OrderItemsController#create as JS
  Parameters: {"utf8"=>"✓", "order_item"=>{"quantity"=>"1", "product_id"=>"1"}, "commit"=>"Add to Cart"}
  [1m[36m (0.1ms)[0m  [1mbegin transaction[0m
  [1m[35mProduct Load (0.2ms)[0m  SELECT  "products".* FROM "products"  WHERE "products"."active" = 't' AND "products"."id" = ? LIMIT 1  [["id", 1]]
  [1m[36mSQL (2.6ms)[0m  [1mINSERT INTO "orders" ("created_at", "order_status_id", "subtotal", "updated_at") VALUES (?, ?, ?, ?)[0m  [["created_at", "2017-06-20 20:36:57.621392"], ["order_status_id", 1], ["subtotal", 0.49], ["updated_at", "2017-06-20 20:36:57.621392"]]
  [1m[35mSQL (0.3ms)[0m  INSERT INTO "order_items" ("created_at", "order_id", "product_id", "quantity", "total_price", "unit_price", "updated_at") VALUES (?, ?, ?, ?, ?, ?, ?)  [["created_at", "2017-06-20 20:36:57.631226"], ["order_id", 1], ["product_id", 1], ["quantity", 1], ["total_price", 0.49], ["unit_price", 0.49], ["updated_at", "2017-06-20 20:36:57.631226"]]
  [1m[36m (8.6ms)[0m  [1mcommit transaction[0m
  [1m[35mOrder Load (0.3ms)[0m  SELECT  "orders".* FROM "orders"  WHERE "orders"."id" = ? LIMIT 1  [["id", 1]]
  [1m[36m (0.2ms)[0m  [1mSELECT COUNT(*) FROM "order_items"  WHERE "order_items"."order_id" = ?[0m  [["order_id", 1]]
  [1m[35mCACHE (0.0ms)[0m  SELECT  "orders".* FROM "orders"  WHERE "orders"."id" = ? LIMIT 1  [["id", 1]]
  [1m[36mOrderItem Load (0.3ms)[0m  [1mSELECT "order_items".* FROM "order_items"  WHERE "order_items"."order_id" = ?[0m  [["order_id", 1]]
  [1m[35mProduct Load (0.2ms)[0m  SELECT  "products".* FROM "products"  WHERE "products"."active" = 't' AND "products"."id" = ? LIMIT 1  [["id", 1]]
  Rendered layouts/_cart_text.html.erb (8.9ms)
  Rendered order_items/create.js.erb (25.4ms)
Completed 200 OK in 74ms (Views: 46.0ms | ActiveRecord: 12.8ms)


Started POST "/order_items" for 127.0.0.1 at 2017-06-20 13:36:59 -0700
Processing by OrderItemsController#create as JS
  Parameters: {"utf8"=>"✓", "order_item"=>{"quantity"=>"1", "product_id"=>"2"}, "commit"=>"Add to Cart"}
  [1m[36mOrder Load (0.1ms)[0m  [1mSELECT  "orders".* FROM "orders"  WHERE "orders"."id" = ? LIMIT 1[0m  [["id", 1]]
  [1m[35m (0.1ms)[0m  begin transaction
  [1m[36mProduct Load (0.1ms)[0m  [1mSELECT  "products".* FROM "products"  WHERE "products"."active" = 't' AND "products"."id" = ? LIMIT 1[0m  [["id", 2]]
  [1m[35mOrderItem Load (0.0ms)[0m  SELECT "order_items".* FROM "order_items"  WHERE "order_items"."order_id" = ?  [["order_id", 1]]
  [1m[36mProduct Load (0.1ms)[0m  [1mSELECT  "products".* FROM "products"  WHERE "products"."active" = 't' AND "products"."id" = ? LIMIT 1[0m  [["id", 1]]
  [1m[35mSQL (1.0ms)[0m  UPDATE "orders" SET "subtotal" = ?, "updated_at" = ? WHERE "orders"."id" = 1  [["subtotal", 0.78], ["updated_at", "2017-06-20 20:36:59.108959"]]
  [1m[36mSQL (0.2ms)[0m  [1mINSERT INTO "order_items" ("created_at", "order_id", "product_id", "quantity", "total_price", "unit_price", "updated_at") VALUES (?, ?, ?, ?, ?, ?, ?)[0m  [["created_at", "2017-06-20 20:36:59.112232"], ["order_id", 1], ["product_id", 2], ["quantity", 1], ["total_price", 0.29], ["unit_price", 0.29], ["updated_at", "2017-06-20 20:36:59.112232"]]
  [1m[35m (9.7ms)[0m  commit transaction
  [1m[36mOrder Load (0.2ms)[0m  [1mSELECT  "orders".* FROM "orders"  WHERE "orders"."id" = ? LIMIT 1[0m  [["id", 1]]
  [1m[35m (0.3ms)[0m  SELECT COUNT(*) FROM "order_items"  WHERE "order_items"."order_id" = ?  [["order_id", 1]]
  [1m[36mCACHE (0.0ms)[0m  [1mSELECT  "orders".* FROM "orders"  WHERE "orders"."id" = ? LIMIT 1[0m  [["id", 1]]
  [1m[35mOrderItem Load (0.1ms)[0m  SELECT "order_items".* FROM "order_items"  WHERE "order_items"."order_id" = ?  [["order_id", 1]]
  [1m[36mProduct Load (0.3ms)[0m  [1mSELECT  "products".* FROM "products"  WHERE "products"."active" = 't' AND "products"."id" = ? LIMIT 1[0m  [["id", 1]]
  [1m[35mProduct Load (0.1ms)[0m  SELECT  "products".* FROM "products"  WHERE "products"."active" = 't' AND "products"."id" = ? LIMIT 1  [["id", 2]]
  Rendered layouts/_cart_text.html.erb (10.4ms)
  Rendered order_items/create.js.erb (23.7ms)
Completed 200 OK in 65ms (Views: 42.3ms | ActiveRecord: 12.4ms)


Started POST "/order_items" for 127.0.0.1 at 2017-06-20 13:36:59 -0700
Processing by OrderItemsController#create as JS
  Parameters: {"utf8"=>"✓", "order_item"=>{"quantity"=>"1", "product_id"=>"3"}, "commit"=>"Add to Cart"}
  [1m[36mOrder Load (0.1ms)[0m  [1mSELECT  "orders".* FROM "orders"  WHERE "orders"."id" = ? LIMIT 1[0m  [["id", 1]]
  [1m[35m (0.1ms)[0m  begin transaction
  [1m[36mProduct Load (0.1ms)[0m  [1mSELECT  "products".* FROM "products"  WHERE "products"."active" = 't' AND "products"."id" = ? LIMIT 1[0m  [["id", 3]]
  [1m[35mOrderItem Load (0.1ms)[0m  SELECT "order_items".* FROM "order_items"  WHERE "order_items"."order_id" = ?  [["order_id", 1]]
  [1m[36mProduct Load (0.1ms)[0m  [1mSELECT  "products".* FROM "products"  WHERE "products"."active" = 't' AND "products"."id" = ? LIMIT 1[0m  [["id", 1]]
  [1m[35mProduct Load (0.1ms)[0m  SELECT  "products".* FROM "products"  WHERE "products"."active" = 't' AND "products"."id" = ? LIMIT 1  [["id", 2]]
  [1m[36mSQL (0.3ms)[0m  [1mUPDATE "orders" SET "subtotal" = ?, "updated_at" = ? WHERE "orders"."id" = 1[0m  [["subtotal", 2.77], ["updated_at", "2017-06-20 20:37:00.001440"]]
  [1m[35mSQL (0.2ms)[0m  INSERT INTO "order_items" ("created_at", "order_id", "product_id", "quantity", "total_price", "unit_price", "updated_at") VALUES (?, ?, ?, ?, ?, ?, ?)  [["created_at", "2017-06-20 20:37:00.002945"], ["order_id", 1], ["product_id", 3], ["quantity", 1], ["total_price", 1.99], ["unit_price", 1.99], ["updated_at", "2017-06-20 20:37:00.002945"]]
  [1m[36m (8.8ms)[0m  [1mcommit transaction[0m
  [1m[35mOrder Load (0.1ms)[0m  SELECT  "orders".* FROM "orders"  WHERE "orders"."id" = ? LIMIT 1  [["id", 1]]
  [1m[36m (0.1ms)[0m  [1mSELECT COUNT(*) FROM "order_items"  WHERE "order_items"."order_id" = ?[0m  [["order_id", 1]]
  [1m[35mCACHE (0.0ms)[0m  SELECT  "orders".* FROM "orders"  WHERE "orders"."id" = ? LIMIT 1  [["id", 1]]
  [1m[36mOrderItem Load (0.1ms)[0m  [1mSELECT "order_items".* FROM "order_items"  WHERE "order_items"."order_id" = ?[0m  [["order_id", 1]]
  [1m[35mProduct Load (0.1ms)[0m  SELECT  "products".* FROM "products"  WHERE "products"."active" = 't' AND "products"."id" = ? LIMIT 1  [["id", 1]]
  [1m[36mProduct Load (0.1ms)[0m  [1mSELECT  "products".* FROM "products"  WHERE "products"."active" = 't' AND "products"."id" = ? LIMIT 1[0m  [["id", 2]]
  [1m[35mProduct Load (0.1ms)[0m  SELECT  "products".* FROM "products"  WHERE "products"."active" = 't' AND "products"."id" = ? LIMIT 1  [["id", 3]]
  Rendered layouts/_cart_text.html.erb (8.5ms)
  Rendered order_items/create.js.erb (20.6ms)
Completed 200 OK in 56ms (Views: 35.3ms | ActiveRecord: 10.3ms)


Started GET "/cart" for 127.0.0.1 at 2017-06-20 13:37:07 -0700
Processing by CartsController#show as HTML
  [1m[36mOrder Load (0.1ms)[0m  [1mSELECT  "orders".* FROM "orders"  WHERE "orders"."id" = ? LIMIT 1[0m  [["id", 1]]
  [1m[35m (0.1ms)[0m  SELECT COUNT(*) FROM "order_items"  WHERE "order_items"."order_id" = ?  [["order_id", 1]]
  [1m[36mOrderItem Load (0.1ms)[0m  [1mSELECT "order_items".* FROM "order_items"  WHERE "order_items"."order_id" = ?[0m  [["order_id", 1]]
  [1m[35mProduct Load (0.1ms)[0m  SELECT  "products".* FROM "products"  WHERE "products"."active" = 't' AND "products"."id" = ? LIMIT 1  [["id", 1]]
  Rendered carts/_cart_row.html.erb (3.4ms)
  [1m[36mProduct Load (0.1ms)[0m  [1mSELECT  "products".* FROM "products"  WHERE "products"."active" = 't' AND "products"."id" = ? LIMIT 1[0m  [["id", 2]]
  Rendered carts/_cart_row.html.erb (2.2ms)
  [1m[35mProduct Load (0.1ms)[0m  SELECT  "products".* FROM "products"  WHERE "products"."active" = 't' AND "products"."id" = ? LIMIT 1  [["id", 3]]
  Rendered carts/_cart_row.html.erb (2.1ms)
  Rendered carts/_shopping_cart.html.erb (21.7ms)
  Rendered carts/show.html.erb within layouts/application (23.7ms)
  [1m[36mCACHE (0.0ms)[0m  [1mSELECT  "orders".* FROM "orders"  WHERE "orders"."id" = ? LIMIT 1[0m  [["id", 1]]
  [1m[35mCACHE (0.0ms)[0m  SELECT COUNT(*) FROM "order_items"  WHERE "order_items"."order_id" = ?  [["order_id", 1]]
  [1m[36mCACHE (0.0ms)[0m  [1mSELECT  "orders".* FROM "orders"  WHERE "orders"."id" = ? LIMIT 1[0m  [["id", 1]]
  [1m[35mCACHE (0.0ms)[0m  SELECT "order_items".* FROM "order_items"  WHERE "order_items"."order_id" = ?  [["order_id", 1]]
  [1m[36mCACHE (0.0ms)[0m  [1mSELECT  "products".* FROM "products"  WHERE "products"."active" = 't' AND "products"."id" = ? LIMIT 1[0m  [["id", 1]]
  [1m[35mCACHE (0.0ms)[0m  SELECT  "products".* FROM "products"  WHERE "products"."active" = 't' AND "products"."id" = ? LIMIT 1  [["id", 2]]
  [1m[36mCACHE (0.0ms)[0m  [1mSELECT  "products".* FROM "products"  WHERE "products"."active" = 't' AND "products"."id" = ? LIMIT 1[0m  [["id", 3]]
  Rendered layouts/_cart_text.html.erb (8.4ms)
Completed 200 OK in 98ms (Views: 95.0ms | ActiveRecord: 0.9ms)


Started GET "/assets/jquery_ujs.js?body=1" for 127.0.0.1 at 2017-06-20 13:37:07 -0700


Started GET "/assets/jquery.js?body=1" for 127.0.0.1 at 2017-06-20 13:37:07 -0700


Started GET "/assets/carts.css?body=1" for 127.0.0.1 at 2017-06-20 13:37:07 -0700


Started GET "/assets/application.css?body=1" for 127.0.0.1 at 2017-06-20 13:37:07 -0700


Started GET "/assets/order_items.css?body=1" for 127.0.0.1 at 2017-06-20 13:37:07 -0700


Started GET "/assets/products.css?body=1" for 127.0.0.1 at 2017-06-20 13:37:07 -0700


Started GET "/" for 127.0.0.1 at 2017-06-20 13:42:30 -0700
  [1m[36mActiveRecord::SchemaMigration Load (0.6ms)[0m  [1mSELECT "schema_migrations".* FROM "schema_migrations"[0m
Processing by ProductsController#index as HTML
  [1m[35mOrder Load (0.6ms)[0m  SELECT  "orders".* FROM "orders"  WHERE "orders"."id" = ? LIMIT 1  [["id", 1]]
  [1m[36mProduct Load (0.6ms)[0m  [1mSELECT "products".* FROM "products"  WHERE "products"."active" = 't'[0m
  Rendered products/_product_row.html.erb (32.5ms)
  Rendered products/_product_row.html.erb (1.0ms)
  Rendered products/_product_row.html.erb (1.4ms)
  Rendered products/index.html.erb within layouts/application (53.1ms)
  [1m[35mCACHE (0.0ms)[0m  SELECT  "orders".* FROM "orders"  WHERE "orders"."id" = ? LIMIT 1  [["id", 1]]
  [1m[36m (0.7ms)[0m  [1mSELECT COUNT(*) FROM "order_items"  WHERE "order_items"."order_id" = ?[0m  [["order_id", 1]]
  [1m[35mCACHE (0.0ms)[0m  SELECT  "orders".* FROM "orders"  WHERE "orders"."id" = ? LIMIT 1  [["id", 1]]
  [1m[36mOrderItem Load (0.6ms)[0m  [1mSELECT "order_items".* FROM "order_items"  WHERE "order_items"."order_id" = ?[0m  [["order_id", 1]]
  [1m[35mProduct Load (0.2ms)[0m  SELECT  "products".* FROM "products"  WHERE "products"."active" = 't' AND "products"."id" = ? LIMIT 1  [["id", 1]]
  [1m[36mProduct Load (0.1ms)[0m  [1mSELECT  "products".* FROM "products"  WHERE "products"."active" = 't' AND "products"."id" = ? LIMIT 1[0m  [["id", 2]]
  [1m[35mProduct Load (0.1ms)[0m  SELECT  "products".* FROM "products"  WHERE "products"."active" = 't' AND "products"."id" = ? LIMIT 1  [["id", 3]]
  Rendered layouts/_cart_text.html.erb (11.1ms)
Completed 200 OK in 287ms (Views: 208.4ms | ActiveRecord: 4.4ms)


Started GET "/assets/jquery.js?body=1" for 127.0.0.1 at 2017-06-20 13:42:30 -0700


Started GET "/assets/carts.css?body=1" for 127.0.0.1 at 2017-06-20 13:42:30 -0700


Started GET "/assets/jquery_ujs.js?body=1" for 127.0.0.1 at 2017-06-20 13:42:31 -0700


Started GET "/assets/order_items.css?body=1" for 127.0.0.1 at 2017-06-20 13:42:31 -0700


Started GET "/assets/products.css?body=1" for 127.0.0.1 at 2017-06-20 13:42:31 -0700


Started GET "/assets/application.css?body=1" for 127.0.0.1 at 2017-06-20 13:42:31 -0700


Started GET "/" for 127.0.0.1 at 2017-06-20 13:42:32 -0700
Processing by ProductsController#index as HTML
  [1m[36mOrder Load (0.1ms)[0m  [1mSELECT  "orders".* FROM "orders"  WHERE "orders"."id" = ? LIMIT 1[0m  [["id", 1]]
  [1m[35mProduct Load (0.2ms)[0m  SELECT "products".* FROM "products"  WHERE "products"."active" = 't'
  Rendered products/_product_row.html.erb (1.8ms)
  Rendered products/_product_row.html.erb (1.1ms)
  Rendered products/_product_row.html.erb (1.0ms)
  Rendered products/index.html.erb within layouts/application (9.6ms)
  [1m[36mCACHE (0.0ms)[0m  [1mSELECT  "orders".* FROM "orders"  WHERE "orders"."id" = ? LIMIT 1[0m  [["id", 1]]
  [1m[35m (0.2ms)[0m  SELECT COUNT(*) FROM "order_items"  WHERE "order_items"."order_id" = ?  [["order_id", 1]]
  [1m[36mCACHE (0.0ms)[0m  [1mSELECT  "orders".* FROM "orders"  WHERE "orders"."id" = ? LIMIT 1[0m  [["id", 1]]
  [1m[35mOrderItem Load (0.1ms)[0m  SELECT "order_items".* FROM "order_items"  WHERE "order_items"."order_id" = ?  [["order_id", 1]]
  [1m[36mProduct Load (0.1ms)[0m  [1mSELECT  "products".* FROM "products"  WHERE "products"."active" = 't' AND "products"."id" = ? LIMIT 1[0m  [["id", 1]]
  [1m[35mProduct Load (0.1ms)[0m  SELECT  "products".* FROM "products"  WHERE "products"."active" = 't' AND "products"."id" = ? LIMIT 1  [["id", 2]]
  [1m[36mProduct Load (0.1ms)[0m  [1mSELECT  "products".* FROM "products"  WHERE "products"."active" = 't' AND "products"."id" = ? LIMIT 1[0m  [["id", 3]]
  Rendered layouts/_cart_text.html.erb (7.7ms)
Completed 200 OK in 81ms (Views: 78.2ms | ActiveRecord: 0.9ms)


Started GET "/assets/jquery.js?body=1" for 127.0.0.1 at 2017-06-20 13:42:32 -0700


Started GET "/assets/jquery_ujs.js?body=1" for 127.0.0.1 at 2017-06-20 13:42:32 -0700


Started GET "/assets/carts.css?body=1" for 127.0.0.1 at 2017-06-20 13:42:32 -0700


Started GET "/assets/products.css?body=1" for 127.0.0.1 at 2017-06-20 13:42:32 -0700


Started GET "/assets/order_items.css?body=1" for 127.0.0.1 at 2017-06-20 13:42:32 -0700


Started GET "/assets/application.css?body=1" for 127.0.0.1 at 2017-06-20 13:42:32 -0700


Started GET "/" for 127.0.0.1 at 2017-06-20 13:42:35 -0700
Processing by ProductsController#index as HTML
  [1m[35mOrder Load (0.1ms)[0m  SELECT  "orders".* FROM "orders"  WHERE "orders"."id" = ? LIMIT 1  [["id", 1]]
  [1m[36mProduct Load (0.2ms)[0m  [1mSELECT "products".* FROM "products"  WHERE "products"."active" = 't'[0m
  Rendered products/_product_row.html.erb (1.4ms)
  Rendered products/_product_row.html.erb (1.3ms)
  Rendered products/_product_row.html.erb (1.7ms)
  Rendered products/index.html.erb within layouts/application (9.9ms)
  [1m[35mCACHE (0.0ms)[0m  SELECT  "orders".* FROM "orders"  WHERE "orders"."id" = ? LIMIT 1  [["id", 1]]
  [1m[36m (0.1ms)[0m  [1mSELECT COUNT(*) FROM "order_items"  WHERE "order_items"."order_id" = ?[0m  [["order_id", 1]]
  [1m[35mCACHE (0.0ms)[0m  SELECT  "orders".* FROM "orders"  WHERE "orders"."id" = ? LIMIT 1  [["id", 1]]
  [1m[36mOrderItem Load (0.1ms)[0m  [1mSELECT "order_items".* FROM "order_items"  WHERE "order_items"."order_id" = ?[0m  [["order_id", 1]]
  [1m[35mProduct Load (0.1ms)[0m  SELECT  "products".* FROM "products"  WHERE "products"."active" = 't' AND "products"."id" = ? LIMIT 1  [["id", 1]]
  [1m[36mProduct Load (0.1ms)[0m  [1mSELECT  "products".* FROM "products"  WHERE "products"."active" = 't' AND "products"."id" = ? LIMIT 1[0m  [["id", 2]]
  [1m[35mProduct Load (0.1ms)[0m  SELECT  "products".* FROM "products"  WHERE "products"."active" = 't' AND "products"."id" = ? LIMIT 1  [["id", 3]]
  Rendered layouts/_cart_text.html.erb (6.4ms)
Completed 200 OK in 70ms (Views: 67.0ms | ActiveRecord: 0.7ms)


Started GET "/assets/jquery.js?body=1" for 127.0.0.1 at 2017-06-20 13:42:35 -0700


Started GET "/assets/products.css?body=1" for 127.0.0.1 at 2017-06-20 13:42:35 -0700


Started GET "/assets/order_items.css?body=1" for 127.0.0.1 at 2017-06-20 13:42:35 -0700


Started GET "/assets/jquery_ujs.js?body=1" for 127.0.0.1 at 2017-06-20 13:42:35 -0700


Started GET "/assets/carts.css?body=1" for 127.0.0.1 at 2017-06-20 13:42:35 -0700


Started GET "/assets/application.css?body=1" for 127.0.0.1 at 2017-06-20 13:42:35 -0700


Started GET "/cart" for 127.0.0.1 at 2017-06-20 13:42:40 -0700
Processing by CartsController#show as HTML
  [1m[36mOrder Load (0.2ms)[0m  [1mSELECT  "orders".* FROM "orders"  WHERE "orders"."id" = ? LIMIT 1[0m  [["id", 1]]
  [1m[35m (0.1ms)[0m  SELECT COUNT(*) FROM "order_items"  WHERE "order_items"."order_id" = ?  [["order_id", 1]]
  [1m[36mOrderItem Load (0.1ms)[0m  [1mSELECT "order_items".* FROM "order_items"  WHERE "order_items"."order_id" = ?[0m  [["order_id", 1]]
  [1m[35mProduct Load (0.3ms)[0m  SELECT  "products".* FROM "products"  WHERE "products"."active" = 't' AND "products"."id" = ? LIMIT 1  [["id", 1]]
  Rendered carts/_cart_row.html.erb (3.9ms)
  [1m[36mProduct Load (0.1ms)[0m  [1mSELECT  "products".* FROM "products"  WHERE "products"."active" = 't' AND "products"."id" = ? LIMIT 1[0m  [["id", 2]]
  Rendered carts/_cart_row.html.erb (1.9ms)
  [1m[35mProduct Load (0.1ms)[0m  SELECT  "products".* FROM "products"  WHERE "products"."active" = 't' AND "products"."id" = ? LIMIT 1  [["id", 3]]
  Rendered carts/_cart_row.html.erb (2.4ms)
  Rendered carts/_shopping_cart.html.erb (19.8ms)
  Rendered carts/show.html.erb within layouts/application (22.0ms)
  [1m[36mCACHE (0.0ms)[0m  [1mSELECT  "orders".* FROM "orders"  WHERE "orders"."id" = ? LIMIT 1[0m  [["id", 1]]
  [1m[35mCACHE (0.0ms)[0m  SELECT COUNT(*) FROM "order_items"  WHERE "order_items"."order_id" = ?  [["order_id", 1]]
  [1m[36mCACHE (0.0ms)[0m  [1mSELECT  "orders".* FROM "orders"  WHERE "orders"."id" = ? LIMIT 1[0m  [["id", 1]]
  [1m[35mCACHE (0.0ms)[0m  SELECT "order_items".* FROM "order_items"  WHERE "order_items"."order_id" = ?  [["order_id", 1]]
  [1m[36mCACHE (0.0ms)[0m  [1mSELECT  "products".* FROM "products"  WHERE "products"."active" = 't' AND "products"."id" = ? LIMIT 1[0m  [["id", 1]]
  [1m[35mCACHE (0.0ms)[0m  SELECT  "products".* FROM "products"  WHERE "products"."active" = 't' AND "products"."id" = ? LIMIT 1  [["id", 2]]
  [1m[36mCACHE (0.0ms)[0m  [1mSELECT  "products".* FROM "products"  WHERE "products"."active" = 't' AND "products"."id" = ? LIMIT 1[0m  [["id", 3]]
  Rendered layouts/_cart_text.html.erb (6.9ms)
Completed 200 OK in 95ms (Views: 91.2ms | ActiveRecord: 1.1ms)


Started GET "/assets/jquery.js?body=1" for 127.0.0.1 at 2017-06-20 13:42:40 -0700


Started GET "/assets/jquery_ujs.js?body=1" for 127.0.0.1 at 2017-06-20 13:42:40 -0700


Started GET "/assets/order_items.css?body=1" for 127.0.0.1 at 2017-06-20 13:42:40 -0700


Started GET "/assets/products.css?body=1" for 127.0.0.1 at 2017-06-20 13:42:40 -0700


Started GET "/assets/application.css?body=1" for 127.0.0.1 at 2017-06-20 13:42:40 -0700


Started GET "/assets/carts.css?body=1" for 127.0.0.1 at 2017-06-20 13:42:40 -0700


Started DELETE "/order_items/1" for 127.0.0.1 at 2017-06-20 13:42:43 -0700
Processing by OrderItemsController#destroy as JS
  Parameters: {"id"=>"1"}
  [1m[35mOrder Load (0.2ms)[0m  SELECT  "orders".* FROM "orders"  WHERE "orders"."id" = ? LIMIT 1  [["id", 1]]
  [1m[36mOrderItem Load (0.2ms)[0m  [1mSELECT  "order_items".* FROM "order_items"  WHERE "order_items"."order_id" = ? AND "order_items"."id" = ? LIMIT 1[0m  [["order_id", 1], ["id", 1]]
  [1m[35m (0.1ms)[0m  begin transaction
  [1m[36mSQL (0.9ms)[0m  [1mDELETE FROM "order_items" WHERE "order_items"."id" = ?[0m  [["id", 1]]
  [1m[35m (1.5ms)[0m  commit transaction
  [1m[36mOrder Load (0.2ms)[0m  [1mSELECT  "orders".* FROM "orders"  WHERE "orders"."id" = ? LIMIT 1[0m  [["id", 1]]
  [1m[35m (0.1ms)[0m  SELECT COUNT(*) FROM "order_items"  WHERE "order_items"."order_id" = ?  [["order_id", 1]]
  [1m[36mCACHE (0.0ms)[0m  [1mSELECT  "orders".* FROM "orders"  WHERE "orders"."id" = ? LIMIT 1[0m  [["id", 1]]
  [1m[35mOrderItem Load (0.1ms)[0m  SELECT "order_items".* FROM "order_items"  WHERE "order_items"."order_id" = ?  [["order_id", 1]]
  [1m[36mProduct Load (0.1ms)[0m  [1mSELECT  "products".* FROM "products"  WHERE "products"."active" = 't' AND "products"."id" = ? LIMIT 1[0m  [["id", 2]]
  [1m[35mProduct Load (0.1ms)[0m  SELECT  "products".* FROM "products"  WHERE "products"."active" = 't' AND "products"."id" = ? LIMIT 1  [["id", 3]]
  Rendered layouts/_cart_text.html.erb (7.1ms)
  [1m[36mCACHE (0.0ms)[0m  [1mSELECT COUNT(*) FROM "order_items"  WHERE "order_items"."order_id" = ?[0m  [["order_id", 1]]
  [1m[35mCACHE (0.0ms)[0m  SELECT "order_items".* FROM "order_items"  WHERE "order_items"."order_id" = ?  [["order_id", 1]]
  [1m[36mCACHE (0.0ms)[0m  [1mSELECT  "products".* FROM "products"  WHERE "products"."active" = 't' AND "products"."id" = ? LIMIT 1[0m  [["id", 2]]
  Rendered carts/_cart_row.html.erb (2.7ms)
  [1m[35mCACHE (0.0ms)[0m  SELECT  "products".* FROM "products"  WHERE "products"."active" = 't' AND "products"."id" = ? LIMIT 1  [["id", 3]]
  Rendered carts/_cart_row.html.erb (3.3ms)
  Rendered carts/_shopping_cart.html.erb (42.7ms)
  Rendered order_items/destroy.js.erb (77.0ms)
Completed 200 OK in 109ms (Views: 100.6ms | ActiveRecord: 3.5ms)


Started GET "/" for 127.0.0.1 at 2017-06-20 13:57:22 -0700
  [1m[36mActiveRecord::SchemaMigration Load (0.5ms)[0m  [1mSELECT "schema_migrations".* FROM "schema_migrations"[0m
Processing by ProductsController#index as HTML
  [1m[35mProduct Load (0.6ms)[0m  SELECT "products".* FROM "products"  WHERE "products"."active" = 't'
  Rendered products/_product_row.html.erb (32.2ms)
  Rendered products/_product_row.html.erb (1.1ms)
  Rendered products/_product_row.html.erb (0.9ms)
  Rendered products/index.html.erb within layouts/application (54.7ms)
  Rendered layouts/_cart_text.html.erb (2.8ms)
Completed 200 OK in 403ms (Views: 339.4ms | ActiveRecord: 1.9ms)


Started GET "/assets/jquery.js?body=1" for 127.0.0.1 at 2017-06-20 13:57:23 -0700


Started GET "/assets/carts.css?body=1" for 127.0.0.1 at 2017-06-20 13:57:23 -0700


Started GET "/assets/charges.css?body=1" for 127.0.0.1 at 2017-06-20 13:57:23 -0700


Started GET "/assets/order_items.css?body=1" for 127.0.0.1 at 2017-06-20 13:57:23 -0700


Started GET "/assets/products.css?body=1" for 127.0.0.1 at 2017-06-20 13:57:23 -0700


Started GET "/assets/application.css?body=1" for 127.0.0.1 at 2017-06-20 13:57:23 -0700


Started GET "/assets/jquery_ujs.js?body=1" for 127.0.0.1 at 2017-06-20 13:57:23 -0700


Started GET "/assets/carts.js?body=1" for 127.0.0.1 at 2017-06-20 13:57:23 -0700


Started GET "/assets/charges.js?body=1" for 127.0.0.1 at 2017-06-20 13:57:23 -0700


Started GET "/assets/order_items.js?body=1" for 127.0.0.1 at 2017-06-20 13:57:23 -0700


Started GET "/assets/products.js?body=1" for 127.0.0.1 at 2017-06-20 13:57:23 -0700


Started GET "/assets/application.js?body=1" for 127.0.0.1 at 2017-06-20 13:57:23 -0700


Started POST "/order_items" for 127.0.0.1 at 2017-06-20 13:57:27 -0700
Processing by OrderItemsController#create as JS
  Parameters: {"utf8"=>"✓", "order_item"=>{"quantity"=>"1", "product_id"=>"1"}, "commit"=>"Add to Cart"}
  [1m[36m (0.1ms)[0m  [1mbegin transaction[0m
  [1m[35mProduct Load (0.3ms)[0m  SELECT  "products".* FROM "products"  WHERE "products"."active" = 't' AND "products"."id" = ? LIMIT 1  [["id", 1]]
  [1m[36mSQL (1.9ms)[0m  [1mINSERT INTO "orders" ("created_at", "order_status_id", "subtotal", "updated_at") VALUES (?, ?, ?, ?)[0m  [["created_at", "2017-06-20 20:57:27.042445"], ["order_status_id", 1], ["subtotal", 0.49], ["updated_at", "2017-06-20 20:57:27.042445"]]
  [1m[35mSQL (0.8ms)[0m  INSERT INTO "order_items" ("created_at", "order_id", "product_id", "quantity", "total_price", "unit_price", "updated_at") VALUES (?, ?, ?, ?, ?, ?, ?)  [["created_at", "2017-06-20 20:57:27.052551"], ["order_id", 2], ["product_id", 1], ["quantity", 1], ["total_price", 0.49], ["unit_price", 0.49], ["updated_at", "2017-06-20 20:57:27.052551"]]
  [1m[36m (1.9ms)[0m  [1mcommit transaction[0m
  [1m[35mOrder Load (0.3ms)[0m  SELECT  "orders".* FROM "orders"  WHERE "orders"."id" = ? LIMIT 1  [["id", 2]]
  [1m[36m (0.2ms)[0m  [1mSELECT COUNT(*) FROM "order_items"  WHERE "order_items"."order_id" = ?[0m  [["order_id", 2]]
  [1m[35mCACHE (0.0ms)[0m  SELECT  "orders".* FROM "orders"  WHERE "orders"."id" = ? LIMIT 1  [["id", 2]]
  [1m[36mOrderItem Load (0.1ms)[0m  [1mSELECT "order_items".* FROM "order_items"  WHERE "order_items"."order_id" = ?[0m  [["order_id", 2]]
  [1m[35mProduct Load (0.1ms)[0m  SELECT  "products".* FROM "products"  WHERE "products"."active" = 't' AND "products"."id" = ? LIMIT 1  [["id", 1]]
  Rendered layouts/_cart_text.html.erb (6.4ms)
  Rendered order_items/create.js.erb (22.0ms)
Completed 200 OK in 64ms (Views: 41.5ms | ActiveRecord: 5.6ms)


Started POST "/order_items" for 127.0.0.1 at 2017-06-20 13:57:28 -0700
Processing by OrderItemsController#create as JS
  Parameters: {"utf8"=>"✓", "order_item"=>{"quantity"=>"1", "product_id"=>"2"}, "commit"=>"Add to Cart"}
  [1m[36mOrder Load (0.1ms)[0m  [1mSELECT  "orders".* FROM "orders"  WHERE "orders"."id" = ? LIMIT 1[0m  [["id", 2]]
  [1m[35m (0.1ms)[0m  begin transaction
  [1m[36mProduct Load (0.1ms)[0m  [1mSELECT  "products".* FROM "products"  WHERE "products"."active" = 't' AND "products"."id" = ? LIMIT 1[0m  [["id", 2]]
  [1m[35mOrderItem Load (0.1ms)[0m  SELECT "order_items".* FROM "order_items"  WHERE "order_items"."order_id" = ?  [["order_id", 2]]
  [1m[36mProduct Load (0.1ms)[0m  [1mSELECT  "products".* FROM "products"  WHERE "products"."active" = 't' AND "products"."id" = ? LIMIT 1[0m  [["id", 1]]
  [1m[35mSQL (0.5ms)[0m  UPDATE "orders" SET "subtotal" = ?, "updated_at" = ? WHERE "orders"."id" = 2  [["subtotal", 0.78], ["updated_at", "2017-06-20 20:57:28.167665"]]
  [1m[36mSQL (0.2ms)[0m  [1mINSERT INTO "order_items" ("created_at", "order_id", "product_id", "quantity", "total_price", "unit_price", "updated_at") VALUES (?, ?, ?, ?, ?, ?, ?)[0m  [["created_at", "2017-06-20 20:57:28.170854"], ["order_id", 2], ["product_id", 2], ["quantity", 1], ["total_price", 0.29], ["unit_price", 0.29], ["updated_at", "2017-06-20 20:57:28.170854"]]
  [1m[35m (0.9ms)[0m  commit transaction
  [1m[36mOrder Load (0.2ms)[0m  [1mSELECT  "orders".* FROM "orders"  WHERE "orders"."id" = ? LIMIT 1[0m  [["id", 2]]
  [1m[35m (0.1ms)[0m  SELECT COUNT(*) FROM "order_items"  WHERE "order_items"."order_id" = ?  [["order_id", 2]]
  [1m[36mCACHE (0.0ms)[0m  [1mSELECT  "orders".* FROM "orders"  WHERE "orders"."id" = ? LIMIT 1[0m  [["id", 2]]
  [1m[35mOrderItem Load (0.1ms)[0m  SELECT "order_items".* FROM "order_items"  WHERE "order_items"."order_id" = ?  [["order_id", 2]]
  [1m[36mProduct Load (0.1ms)[0m  [1mSELECT  "products".* FROM "products"  WHERE "products"."active" = 't' AND "products"."id" = ? LIMIT 1[0m  [["id", 1]]
  [1m[35mProduct Load (0.1ms)[0m  SELECT  "products".* FROM "products"  WHERE "products"."active" = 't' AND "products"."id" = ? LIMIT 1  [["id", 2]]
  Rendered layouts/_cart_text.html.erb (7.2ms)
  Rendered order_items/create.js.erb (20.0ms)
Completed 200 OK in 52ms (Views: 37.2ms | ActiveRecord: 2.6ms)


Started POST "/order_items" for 127.0.0.1 at 2017-06-20 13:57:28 -0700
Processing by OrderItemsController#create as JS
  Parameters: {"utf8"=>"✓", "order_item"=>{"quantity"=>"1", "product_id"=>"3"}, "commit"=>"Add to Cart"}
  [1m[36mOrder Load (0.2ms)[0m  [1mSELECT  "orders".* FROM "orders"  WHERE "orders"."id" = ? LIMIT 1[0m  [["id", 2]]
  [1m[35m (0.1ms)[0m  begin transaction
  [1m[36mProduct Load (0.3ms)[0m  [1mSELECT  "products".* FROM "products"  WHERE "products"."active" = 't' AND "products"."id" = ? LIMIT 1[0m  [["id", 3]]
  [1m[35mOrderItem Load (0.1ms)[0m  SELECT "order_items".* FROM "order_items"  WHERE "order_items"."order_id" = ?  [["order_id", 2]]
  [1m[36mProduct Load (0.1ms)[0m  [1mSELECT  "products".* FROM "products"  WHERE "products"."active" = 't' AND "products"."id" = ? LIMIT 1[0m  [["id", 1]]
  [1m[35mProduct Load (0.1ms)[0m  SELECT  "products".* FROM "products"  WHERE "products"."active" = 't' AND "products"."id" = ? LIMIT 1  [["id", 2]]
  [1m[36mSQL (0.3ms)[0m  [1mUPDATE "orders" SET "subtotal" = ?, "updated_at" = ? WHERE "orders"."id" = 2[0m  [["subtotal", 2.77], ["updated_at", "2017-06-20 20:57:28.937075"]]
  [1m[35mSQL (0.2ms)[0m  INSERT INTO "order_items" ("created_at", "order_id", "product_id", "quantity", "total_price", "unit_price", "updated_at") VALUES (?, ?, ?, ?, ?, ?, ?)  [["created_at", "2017-06-20 20:57:28.938714"], ["order_id", 2], ["product_id", 3], ["quantity", 1], ["total_price", 1.99], ["unit_price", 1.99], ["updated_at", "2017-06-20 20:57:28.938714"]]
  [1m[36m (1.2ms)[0m  [1mcommit transaction[0m
  [1m[35mOrder Load (0.1ms)[0m  SELECT  "orders".* FROM "orders"  WHERE "orders"."id" = ? LIMIT 1  [["id", 2]]
  [1m[36m (0.1ms)[0m  [1mSELECT COUNT(*) FROM "order_items"  WHERE "order_items"."order_id" = ?[0m  [["order_id", 2]]
  [1m[35mCACHE (0.0ms)[0m  SELECT  "orders".* FROM "orders"  WHERE "orders"."id" = ? LIMIT 1  [["id", 2]]
  [1m[36mOrderItem Load (0.1ms)[0m  [1mSELECT "order_items".* FROM "order_items"  WHERE "order_items"."order_id" = ?[0m  [["order_id", 2]]
  [1m[35mProduct Load (0.1ms)[0m  SELECT  "products".* FROM "products"  WHERE "products"."active" = 't' AND "products"."id" = ? LIMIT 1  [["id", 1]]
  [1m[36mProduct Load (0.1ms)[0m  [1mSELECT  "products".* FROM "products"  WHERE "products"."active" = 't' AND "products"."id" = ? LIMIT 1[0m  [["id", 2]]
  [1m[35mProduct Load (0.1ms)[0m  SELECT  "products".* FROM "products"  WHERE "products"."active" = 't' AND "products"."id" = ? LIMIT 1  [["id", 3]]
  Rendered layouts/_cart_text.html.erb (7.7ms)
  Rendered order_items/create.js.erb (20.3ms)
Completed 200 OK in 52ms (Views: 36.2ms | ActiveRecord: 3.2ms)


Started GET "/charges/new" for 127.0.0.1 at 2017-06-20 14:07:50 -0700
  [1m[36mActiveRecord::SchemaMigration Load (0.5ms)[0m  [1mSELECT "schema_migrations".* FROM "schema_migrations"[0m
Processing by ChargesController#new as HTML
  Rendered charges/new.html.erb within layouts/charges (3.8ms)
Completed 200 OK in 27ms (Views: 15.6ms | ActiveRecord: 0.0ms)


Started GET "/" for 127.0.0.1 at 2017-06-20 14:09:15 -0700
Processing by ProductsController#index as HTML
  [1m[35mOrder Load (0.5ms)[0m  SELECT  "orders".* FROM "orders"  WHERE "orders"."id" = ? LIMIT 1  [["id", 1]]
  [1m[36mProduct Load (0.6ms)[0m  [1mSELECT "products".* FROM "products"  WHERE "products"."active" = 't'[0m
  Rendered products/_product_row.html.erb (30.4ms)
  Rendered products/_product_row.html.erb (1.0ms)
  Rendered products/_product_row.html.erb (0.8ms)
  Rendered products/index.html.erb within layouts/application (47.0ms)
  [1m[35mCACHE (0.0ms)[0m  SELECT  "orders".* FROM "orders"  WHERE "orders"."id" = ? LIMIT 1  [["id", 1]]
  [1m[36m (0.6ms)[0m  [1mSELECT COUNT(*) FROM "order_items"  WHERE "order_items"."order_id" = ?[0m  [["order_id", 1]]
  [1m[35mCACHE (0.0ms)[0m  SELECT  "orders".* FROM "orders"  WHERE "orders"."id" = ? LIMIT 1  [["id", 1]]
  [1m[36mOrderItem Load (0.7ms)[0m  [1mSELECT "order_items".* FROM "order_items"  WHERE "order_items"."order_id" = ?[0m  [["order_id", 1]]
  [1m[35mProduct Load (0.2ms)[0m  SELECT  "products".* FROM "products"  WHERE "products"."active" = 't' AND "products"."id" = ? LIMIT 1  [["id", 2]]
  [1m[36mProduct Load (0.1ms)[0m  [1mSELECT  "products".* FROM "products"  WHERE "products"."active" = 't' AND "products"."id" = ? LIMIT 1[0m  [["id", 3]]
  Rendered layouts/_cart_text.html.erb (9.8ms)
Completed 200 OK in 265ms (Views: 201.1ms | ActiveRecord: 4.7ms)


Started GET "/assets/jquery.js?body=1" for 127.0.0.1 at 2017-06-20 14:09:15 -0700


Started GET "/assets/jquery_ujs.js?body=1" for 127.0.0.1 at 2017-06-20 14:09:15 -0700


Started GET "/assets/carts.js?body=1" for 127.0.0.1 at 2017-06-20 14:09:15 -0700


Started GET "/assets/charges.js?body=1" for 127.0.0.1 at 2017-06-20 14:09:15 -0700


Started GET "/assets/order_items.js?body=1" for 127.0.0.1 at 2017-06-20 14:09:15 -0700


Started GET "/assets/products.js?body=1" for 127.0.0.1 at 2017-06-20 14:09:15 -0700


Started GET "/assets/application.js?body=1" for 127.0.0.1 at 2017-06-20 14:09:15 -0700


Started GET "/assets/charges.css?body=1" for 127.0.0.1 at 2017-06-20 14:09:15 -0700


Started GET "/assets/order_items.css?body=1" for 127.0.0.1 at 2017-06-20 14:09:15 -0700


Started GET "/assets/products.css?body=1" for 127.0.0.1 at 2017-06-20 14:09:15 -0700


Started GET "/assets/carts.css?body=1" for 127.0.0.1 at 2017-06-20 14:09:15 -0700


Started GET "/assets/application.css?body=1" for 127.0.0.1 at 2017-06-20 14:09:15 -0700


Started GET "/cart" for 127.0.0.1 at 2017-06-20 14:09:18 -0700
Processing by CartsController#show as HTML
  [1m[35mOrder Load (0.2ms)[0m  SELECT  "orders".* FROM "orders"  WHERE "orders"."id" = ? LIMIT 1  [["id", 1]]
  [1m[36m (0.1ms)[0m  [1mSELECT COUNT(*) FROM "order_items"  WHERE "order_items"."order_id" = ?[0m  [["order_id", 1]]
  [1m[35mOrderItem Load (0.1ms)[0m  SELECT "order_items".* FROM "order_items"  WHERE "order_items"."order_id" = ?  [["order_id", 1]]
  [1m[36mProduct Load (0.2ms)[0m  [1mSELECT  "products".* FROM "products"  WHERE "products"."active" = 't' AND "products"."id" = ? LIMIT 1[0m  [["id", 2]]
  Rendered carts/_cart_row.html.erb (3.5ms)
  [1m[35mProduct Load (0.1ms)[0m  SELECT  "products".* FROM "products"  WHERE "products"."active" = 't' AND "products"."id" = ? LIMIT 1  [["id", 3]]
  Rendered carts/_cart_row.html.erb (1.9ms)
  Rendered carts/_shopping_cart.html.erb (14.0ms)
  Rendered carts/show.html.erb within layouts/application (16.1ms)
  [1m[36mCACHE (0.0ms)[0m  [1mSELECT  "orders".* FROM "orders"  WHERE "orders"."id" = ? LIMIT 1[0m  [["id", 1]]
  [1m[35mCACHE (0.0ms)[0m  SELECT COUNT(*) FROM "order_items"  WHERE "order_items"."order_id" = ?  [["order_id", 1]]
  [1m[36mCACHE (0.0ms)[0m  [1mSELECT  "orders".* FROM "orders"  WHERE "orders"."id" = ? LIMIT 1[0m  [["id", 1]]
  [1m[35mCACHE (0.0ms)[0m  SELECT "order_items".* FROM "order_items"  WHERE "order_items"."order_id" = ?  [["order_id", 1]]
  [1m[36mCACHE (0.0ms)[0m  [1mSELECT  "products".* FROM "products"  WHERE "products"."active" = 't' AND "products"."id" = ? LIMIT 1[0m  [["id", 2]]
  [1m[35mCACHE (0.0ms)[0m  SELECT  "products".* FROM "products"  WHERE "products"."active" = 't' AND "products"."id" = ? LIMIT 1  [["id", 3]]
  Rendered layouts/_cart_text.html.erb (5.5ms)
Completed 200 OK in 85ms (Views: 81.0ms | ActiveRecord: 0.8ms)


Started GET "/assets/jquery.js?body=1" for 127.0.0.1 at 2017-06-20 14:09:18 -0700


Started GET "/assets/jquery_ujs.js?body=1" for 127.0.0.1 at 2017-06-20 14:09:18 -0700


Started GET "/assets/products.js?body=1" for 127.0.0.1 at 2017-06-20 14:09:18 -0700


Started GET "/assets/application.js?body=1" for 127.0.0.1 at 2017-06-20 14:09:18 -0700


Started GET "/assets/carts.js?body=1" for 127.0.0.1 at 2017-06-20 14:09:18 -0700


Started GET "/assets/order_items.js?body=1" for 127.0.0.1 at 2017-06-20 14:09:18 -0700


Started GET "/assets/application.css?body=1" for 127.0.0.1 at 2017-06-20 14:09:18 -0700


Started GET "/assets/charges.css?body=1" for 127.0.0.1 at 2017-06-20 14:09:18 -0700


Started GET "/assets/order_items.css?body=1" for 127.0.0.1 at 2017-06-20 14:09:18 -0700


Started GET "/assets/products.css?body=1" for 127.0.0.1 at 2017-06-20 14:09:18 -0700


Started GET "/assets/carts.css?body=1" for 127.0.0.1 at 2017-06-20 14:09:18 -0700


Started GET "/charges/new" for 127.0.0.1 at 2017-06-20 14:09:53 -0700
Processing by ChargesController#new as HTML
  Rendered charges/new.html.erb within layouts/charges (1.2ms)
Completed 200 OK in 6ms (Views: 4.6ms | ActiveRecord: 0.0ms)


Started GET "/charges/new" for 127.0.0.1 at 2017-06-20 14:11:32 -0700
Processing by ChargesController#new as HTML
  Rendered charges/new.html.erb within layouts/charges (1.6ms)
Completed 200 OK in 6ms (Views: 5.5ms | ActiveRecord: 0.0ms)


Started GET "/cart" for 127.0.0.1 at 2017-06-20 14:11:37 -0700
Processing by CartsController#show as HTML
  [1m[36mOrder Load (0.1ms)[0m  [1mSELECT  "orders".* FROM "orders"  WHERE "orders"."id" = ? LIMIT 1[0m  [["id", 1]]
  [1m[35m (0.1ms)[0m  SELECT COUNT(*) FROM "order_items"  WHERE "order_items"."order_id" = ?  [["order_id", 1]]
  [1m[36mOrderItem Load (0.1ms)[0m  [1mSELECT "order_items".* FROM "order_items"  WHERE "order_items"."order_id" = ?[0m  [["order_id", 1]]
  [1m[35mProduct Load (0.1ms)[0m  SELECT  "products".* FROM "products"  WHERE "products"."active" = 't' AND "products"."id" = ? LIMIT 1  [["id", 2]]
  Rendered carts/_cart_row.html.erb (2.8ms)
  [1m[36mProduct Load (0.1ms)[0m  [1mSELECT  "products".* FROM "products"  WHERE "products"."active" = 't' AND "products"."id" = ? LIMIT 1[0m  [["id", 3]]
  Rendered carts/_cart_row.html.erb (1.8ms)
  Rendered carts/_shopping_cart.html.erb (11.9ms)
  Rendered carts/show.html.erb within layouts/application (13.2ms)
  [1m[35mCACHE (0.0ms)[0m  SELECT  "orders".* FROM "orders"  WHERE "orders"."id" = ? LIMIT 1  [["id", 1]]
  [1m[36mCACHE (0.0ms)[0m  [1mSELECT COUNT(*) FROM "order_items"  WHERE "order_items"."order_id" = ?[0m  [["order_id", 1]]
  [1m[35mCACHE (0.0ms)[0m  SELECT  "orders".* FROM "orders"  WHERE "orders"."id" = ? LIMIT 1  [["id", 1]]
  [1m[36mCACHE (0.0ms)[0m  [1mSELECT "order_items".* FROM "order_items"  WHERE "order_items"."order_id" = ?[0m  [["order_id", 1]]
  [1m[35mCACHE (0.0ms)[0m  SELECT  "products".* FROM "products"  WHERE "products"."active" = 't' AND "products"."id" = ? LIMIT 1  [["id", 2]]
  [1m[36mCACHE (0.0ms)[0m  [1mSELECT  "products".* FROM "products"  WHERE "products"."active" = 't' AND "products"."id" = ? LIMIT 1[0m  [["id", 3]]
  Rendered layouts/_cart_text.html.erb (5.8ms)
Completed 200 OK in 94ms (Views: 91.9ms | ActiveRecord: 0.7ms)


Started GET "/assets/jquery.js?body=1" for 127.0.0.1 at 2017-06-20 14:11:37 -0700


Started GET "/assets/jquery_ujs.js?body=1" for 127.0.0.1 at 2017-06-20 14:11:37 -0700


Started GET "/assets/products.js?body=1" for 127.0.0.1 at 2017-06-20 14:11:37 -0700


Started GET "/assets/charges.js?body=1" for 127.0.0.1 at 2017-06-20 14:11:37 -0700


Started GET "/assets/carts.js?body=1" for 127.0.0.1 at 2017-06-20 14:11:37 -0700


Started GET "/assets/order_items.js?body=1" for 127.0.0.1 at 2017-06-20 14:11:37 -0700


Started GET "/assets/charges.css?body=1" for 127.0.0.1 at 2017-06-20 14:11:37 -0700


Started GET "/assets/carts.css?body=1" for 127.0.0.1 at 2017-06-20 14:11:37 -0700


Started GET "/assets/order_items.css?body=1" for 127.0.0.1 at 2017-06-20 14:11:37 -0700


Started GET "/assets/application.css?body=1" for 127.0.0.1 at 2017-06-20 14:11:37 -0700


Started GET "/assets/application.js?body=1" for 127.0.0.1 at 2017-06-20 14:11:37 -0700


Started GET "/assets/products.css?body=1" for 127.0.0.1 at 2017-06-20 14:11:37 -0700


Started GET "/cart" for 127.0.0.1 at 2017-06-20 14:13:29 -0700
Processing by CartsController#show as HTML
  [1m[35mOrder Load (0.2ms)[0m  SELECT  "orders".* FROM "orders"  WHERE "orders"."id" = ? LIMIT 1  [["id", 1]]
  [1m[36m (0.1ms)[0m  [1mSELECT COUNT(*) FROM "order_items"  WHERE "order_items"."order_id" = ?[0m  [["order_id", 1]]
  [1m[35mOrderItem Load (0.2ms)[0m  SELECT "order_items".* FROM "order_items"  WHERE "order_items"."order_id" = ?  [["order_id", 1]]
  [1m[36mProduct Load (0.1ms)[0m  [1mSELECT  "products".* FROM "products"  WHERE "products"."active" = 't' AND "products"."id" = ? LIMIT 1[0m  [["id", 2]]
  Rendered carts/_cart_row.html.erb (2.2ms)
  [1m[35mProduct Load (0.1ms)[0m  SELECT  "products".* FROM "products"  WHERE "products"."active" = 't' AND "products"."id" = ? LIMIT 1  [["id", 3]]
  Rendered carts/_cart_row.html.erb (1.8ms)
  Rendered carts/_shopping_cart.html.erb (10.5ms)
  Rendered carts/show.html.erb within layouts/application (12.4ms)
  [1m[36mCACHE (0.0ms)[0m  [1mSELECT  "orders".* FROM "orders"  WHERE "orders"."id" = ? LIMIT 1[0m  [["id", 1]]
  [1m[35mCACHE (0.0ms)[0m  SELECT COUNT(*) FROM "order_items"  WHERE "order_items"."order_id" = ?  [["order_id", 1]]
  [1m[36mCACHE (0.0ms)[0m  [1mSELECT  "orders".* FROM "orders"  WHERE "orders"."id" = ? LIMIT 1[0m  [["id", 1]]
  [1m[35mCACHE (0.0ms)[0m  SELECT "order_items".* FROM "order_items"  WHERE "order_items"."order_id" = ?  [["order_id", 1]]
  [1m[36mCACHE (0.0ms)[0m  [1mSELECT  "products".* FROM "products"  WHERE "products"."active" = 't' AND "products"."id" = ? LIMIT 1[0m  [["id", 2]]
  [1m[35mCACHE (0.0ms)[0m  SELECT  "products".* FROM "products"  WHERE "products"."active" = 't' AND "products"."id" = ? LIMIT 1  [["id", 3]]
  Rendered layouts/_cart_text.html.erb (6.3ms)
Completed 200 OK in 120ms (Views: 117.2ms | ActiveRecord: 0.8ms)


Started GET "/assets/jquery_ujs.js?body=1" for 127.0.0.1 at 2017-06-20 14:13:30 -0700


Started GET "/assets/jquery.js?body=1" for 127.0.0.1 at 2017-06-20 14:13:30 -0700


Started GET "/assets/carts.js?body=1" for 127.0.0.1 at 2017-06-20 14:13:30 -0700


Started GET "/assets/products.js?body=1" for 127.0.0.1 at 2017-06-20 14:13:30 -0700


Started GET "/assets/charges.js?body=1" for 127.0.0.1 at 2017-06-20 14:13:30 -0700


Started GET "/assets/order_items.js?body=1" for 127.0.0.1 at 2017-06-20 14:13:30 -0700


Started GET "/assets/carts.css?body=1" for 127.0.0.1 at 2017-06-20 14:13:30 -0700


Started GET "/assets/charges.css?body=1" for 127.0.0.1 at 2017-06-20 14:13:30 -0700


Started GET "/assets/order_items.css?body=1" for 127.0.0.1 at 2017-06-20 14:13:30 -0700


Started GET "/assets/application.js?body=1" for 127.0.0.1 at 2017-06-20 14:13:30 -0700


Started GET "/assets/products.css?body=1" for 127.0.0.1 at 2017-06-20 14:13:30 -0700


Started GET "/assets/application.css?body=1" for 127.0.0.1 at 2017-06-20 14:13:30 -0700


Started GET "/assets/carts.css?body=1" for 127.0.0.1 at 2017-06-20 14:14:01 -0700


Started GET "/assets/charges.css?body=1" for 127.0.0.1 at 2017-06-20 14:14:01 -0700


Started GET "/assets/products.css?body=1" for 127.0.0.1 at 2017-06-20 14:14:01 -0700


Started GET "/assets/order_items.css?body=1" for 127.0.0.1 at 2017-06-20 14:14:01 -0700


Started GET "/assets/application.css?body=1" for 127.0.0.1 at 2017-06-20 14:14:01 -0700


Started GET "/cart" for 127.0.0.1 at 2017-06-20 14:15:02 -0700
Processing by CartsController#show as HTML
  [1m[36mOrder Load (0.7ms)[0m  [1mSELECT  "orders".* FROM "orders"  WHERE "orders"."id" = ? LIMIT 1[0m  [["id", 1]]
  [1m[35m (0.2ms)[0m  SELECT COUNT(*) FROM "order_items"  WHERE "order_items"."order_id" = ?  [["order_id", 1]]
  [1m[36mOrderItem Load (0.2ms)[0m  [1mSELECT "order_items".* FROM "order_items"  WHERE "order_items"."order_id" = ?[0m  [["order_id", 1]]
  [1m[35mProduct Load (0.3ms)[0m  SELECT  "products".* FROM "products"  WHERE "products"."active" = 't' AND "products"."id" = ? LIMIT 1  [["id", 2]]
  Rendered carts/_cart_row.html.erb (11.8ms)
  [1m[36mProduct Load (0.1ms)[0m  [1mSELECT  "products".* FROM "products"  WHERE "products"."active" = 't' AND "products"."id" = ? LIMIT 1[0m  [["id", 3]]
  Rendered carts/_cart_row.html.erb (2.1ms)
  Rendered carts/_shopping_cart.html.erb (24.9ms)
  Rendered carts/show.html.erb within layouts/application (27.3ms)
  [1m[35mCACHE (0.0ms)[0m  SELECT  "orders".* FROM "orders"  WHERE "orders"."id" = ? LIMIT 1  [["id", 1]]
  [1m[36mCACHE (0.0ms)[0m  [1mSELECT COUNT(*) FROM "order_items"  WHERE "order_items"."order_id" = ?[0m  [["order_id", 1]]
  [1m[35mCACHE (0.0ms)[0m  SELECT  "orders".* FROM "orders"  WHERE "orders"."id" = ? LIMIT 1  [["id", 1]]
  [1m[36mCACHE (0.0ms)[0m  [1mSELECT "order_items".* FROM "order_items"  WHERE "order_items"."order_id" = ?[0m  [["order_id", 1]]
  [1m[35mCACHE (0.0ms)[0m  SELECT  "products".* FROM "products"  WHERE "products"."active" = 't' AND "products"."id" = ? LIMIT 1  [["id", 2]]
  [1m[36mCACHE (0.0ms)[0m  [1mSELECT  "products".* FROM "products"  WHERE "products"."active" = 't' AND "products"."id" = ? LIMIT 1[0m  [["id", 3]]
  Rendered layouts/_cart_text.html.erb (6.6ms)
Completed 200 OK in 164ms (Views: 145.3ms | ActiveRecord: 1.5ms)


Started GET "/assets/jquery.js?body=1" for 127.0.0.1 at 2017-06-20 14:15:02 -0700


Started GET "/assets/carts.js?body=1" for 127.0.0.1 at 2017-06-20 14:15:02 -0700


Started GET "/assets/charges.js?body=1" for 127.0.0.1 at 2017-06-20 14:15:02 -0700


Started GET "/assets/order_items.js?body=1" for 127.0.0.1 at 2017-06-20 14:15:02 -0700


Started GET "/assets/order_items.css?body=1" for 127.0.0.1 at 2017-06-20 14:15:02 -0700


Started GET "/assets/carts.css?body=1" for 127.0.0.1 at 2017-06-20 14:15:02 -0700


Started GET "/assets/jquery_ujs.js?body=1" for 127.0.0.1 at 2017-06-20 14:15:02 -0700


Started GET "/assets/products.js?body=1" for 127.0.0.1 at 2017-06-20 14:15:02 -0700


Started GET "/assets/charges.css?body=1" for 127.0.0.1 at 2017-06-20 14:15:02 -0700


Started GET "/assets/application.css?body=1" for 127.0.0.1 at 2017-06-20 14:15:02 -0700


Started GET "/assets/products.css?body=1" for 127.0.0.1 at 2017-06-20 14:15:02 -0700


Started GET "/assets/application.js?body=1" for 127.0.0.1 at 2017-06-20 14:15:02 -0700
